<?xml version="1.0" encoding="UTF-8"?>
<!-- Generated by org.testng.reporters.JUnitReportReporter -->
<testsuite hostname="DESKTOP-BBLI6SA" failures="0" tests="6" name="testPackage.APT_AD" time="4.867" errors="0" timestamp="2024-10-26T23:35:55 CDT" skipped="0">
  <testcase classname="testPackage.APT_AD" name="postRequest" time="2.066"/>
  <testcase classname="testPackage.APT_AD" name="getUser" time="0.343"/>
  <testcase classname="testPackage.APT_AD" name="putRequest" time="0.285"/>
  <testcase classname="testPackage.APT_AD" name="getUserAfterPut" time="0.290"/>
  <testcase classname="testPackage.APT_AD" name="deleteRequest" time="1.312"/>
  <testcase classname="testPackage.APT_AD" name="getUserAfterDelete" time="0.571"/>
</testsuite> <!-- testPackage.APT_AD -->
