<?xml version="1.0" encoding="UTF-8"?>
<!-- Generated by org.testng.reporters.JUnitReportReporter -->
<testsuite hostname="DESKTOP-BBLI6SA" failures="0" tests="1" name="testPackage.TestClass" time="5.223" errors="0" timestamp="2024-10-29T23:00:37 CDT" skipped="0">
  <testcase classname="testPackage.TestClass" name="postRequest" time="5.223"/>
</testsuite> <!-- testPackage.TestClass -->
