<?xml version="1.0" encoding="UTF-8"?>
<!-- Generated by org.testng.reporters.JUnitReportReporter -->
<testsuite hostname="DESKTOP-BBLI6SA" failures="0" tests="6" name="testPackage.TestClassAdvance" time="5.811" errors="0" timestamp="2024-10-22T23:42:35 CDT" skipped="0">
  <testcase classname="testPackage.TestClassAdvance" name="putRequest" time="0.327"/>
  <testcase classname="testPackage.TestClassAdvance" name="getRequest1" time="0.288"/>
  <testcase classname="testPackage.TestClassAdvance" name="getRequest" time="0.316"/>
  <testcase classname="testPackage.TestClassAdvance" name="deletRequest" time="3.250"/>
  <testcase classname="testPackage.TestClassAdvance" name="getRequest2" time="0.291"/>
  <testcase classname="testPackage.TestClassAdvance" name="postRequest" time="1.339"/>
</testsuite> <!-- testPackage.TestClassAdvance -->
